<?xml version="1.0" encoding="UTF-8"?>
<!-- Generated by org.testng.reporters.JUnitReportReporter -->
<testsuite skipped="0" hostname="Aakash-PC" name="homePractise2.AssertionUsingTestNG" tests="1" failures="0" timestamp="24 Oct 2017 11:57:47 GMT" time="11.180" errors="0">
  <testcase name="eVerification" time="11.180" classname="homePractise2.AssertionUsingTestNG"/>
</testsuite> <!-- homePractise2.AssertionUsingTestNG -->
