<?xml version="1.0" encoding="UTF-8"?>
<!-- Generated by org.testng.reporters.JUnitReportReporter -->
<testsuite skipped="0" hostname="Aakash-PC" name="homepractise.AmazingUsingTestNG" tests="3" failures="0" timestamp="12 Oct 2017 21:01:59 GMT" time="0.021" errors="0">
  <testcase name="TrashOrder" time="0.011" classname="homepractise.AmazingUsingTestNG"/>
  <testcase name="UpdateOrder" time="0.002" classname="homepractise.AmazingUsingTestNG"/>
  <testcase name="PurchaseItem" time="0.008" classname="homepractise.AmazingUsingTestNG"/>
</testsuite> <!-- homepractise.AmazingUsingTestNG -->
